<?xml version="1.0" encoding="UTF-8"?>
<!-- Generated by org.testng.reporters.JUnitXMLReporter -->
<testsuite ignored="0" hostname="WKWIN6984194" failures="5" tests="5" name="Test" time="4.472" errors="0" timestamp="2020-12-29T06:01:26 IST">
  <testcase classname="io.cucumber.testng.AbstractTestNGCucumberTests" name="runScenario" time="0.495">
    <failure type="java.lang.NullPointerException" message="Cannot invoke &amp;quot;org.openqa.selenium.WebDriver.get(String)&amp;quot; because the return value of &amp;quot;com.qa.factory.DriverFactory.getDriver()&amp;quot; is null">
      <![CDATA[java.lang.NullPointerException: Cannot invoke "org.openqa.selenium.WebDriver.get(String)" because the return value of "com.qa.factory.DriverFactory.getDriver()" is null
at stepdefinitions.loginPageSteps.user_is_on_login_page(loginPageSteps.java:19)
at ✽.user is on login page(file:///C:/BDD_Workspace/ecommerceBDDFramework/src/test/resources/AppFeatures/loginPage.feature:14)
]]>
    </failure>
  </testcase> <!-- runScenario -->
  <testcase classname="io.cucumber.testng.AbstractTestNGCucumberTests" name="runScenario" time="0.499">
    <failure type="java.lang.NullPointerException" message="Cannot invoke &amp;quot;org.openqa.selenium.WebDriver.get(String)&amp;quot; because the return value of &amp;quot;com.qa.factory.DriverFactory.getDriver()&amp;quot; is null">
      <![CDATA[java.lang.NullPointerException: Cannot invoke "org.openqa.selenium.WebDriver.get(String)" because the return value of "com.qa.factory.DriverFactory.getDriver()" is null
at stepdefinitions.AccountPageSteps.user_has_already_logged_in_to_application(AccountPageSteps.java:30)
at ✽.user has already logged in to application(file:///C:/BDD_Workspace/ecommerceBDDFramework/src/test/resources/AppFeatures/AccountsPage.feature:4)
]]>
    </failure>
  </testcase> <!-- runScenario -->
  <testcase classname="io.cucumber.testng.AbstractTestNGCucumberTests" name="runScenario" time="0.503">
    <failure type="java.lang.NullPointerException" message="Cannot invoke &amp;quot;org.openqa.selenium.WebDriver.get(String)&amp;quot; because the return value of &amp;quot;com.qa.factory.DriverFactory.getDriver()&amp;quot; is null">
      <![CDATA[java.lang.NullPointerException: Cannot invoke "org.openqa.selenium.WebDriver.get(String)" because the return value of "com.qa.factory.DriverFactory.getDriver()" is null
at stepdefinitions.loginPageSteps.user_is_on_login_page(loginPageSteps.java:19)
at ✽.user is on login page(file:///C:/BDD_Workspace/ecommerceBDDFramework/src/test/resources/AppFeatures/loginPage.feature:5)
]]>
    </failure>
  </testcase> <!-- runScenario -->
  <testcase classname="io.cucumber.testng.AbstractTestNGCucumberTests" name="runScenario" time="0.509">
    <failure type="java.lang.NullPointerException" message="Cannot invoke &amp;quot;org.openqa.selenium.WebDriver.get(String)&amp;quot; because the return value of &amp;quot;com.qa.factory.DriverFactory.getDriver()&amp;quot; is null">
      <![CDATA[java.lang.NullPointerException: Cannot invoke "org.openqa.selenium.WebDriver.get(String)" because the return value of "com.qa.factory.DriverFactory.getDriver()" is null
at stepdefinitions.loginPageSteps.user_is_on_login_page(loginPageSteps.java:19)
at ✽.user is on login page(file:///C:/BDD_Workspace/ecommerceBDDFramework/src/test/resources/AppFeatures/loginPage.feature:10)
]]>
    </failure>
  </testcase> <!-- runScenario -->
  <testcase classname="io.cucumber.testng.AbstractTestNGCucumberTests" name="runScenario" time="0.512">
    <failure type="java.lang.NullPointerException" message="Cannot invoke &amp;quot;org.openqa.selenium.WebDriver.get(String)&amp;quot; because the return value of &amp;quot;com.qa.factory.DriverFactory.getDriver()&amp;quot; is null">
      <![CDATA[java.lang.NullPointerException: Cannot invoke "org.openqa.selenium.WebDriver.get(String)" because the return value of "com.qa.factory.DriverFactory.getDriver()" is null
at stepdefinitions.AccountPageSteps.user_has_already_logged_in_to_application(AccountPageSteps.java:30)
at ✽.user has already logged in to application(file:///C:/BDD_Workspace/ecommerceBDDFramework/src/test/resources/AppFeatures/AccountsPage.feature:4)
]]>
    </failure>
  </testcase> <!-- runScenario -->
</testsuite> <!-- Test -->
