<?xml version="1.0" encoding="UTF-8"?>
<testng-results ignored="0" total="2" passed="2" failed="0" skipped="0">
  <reporter-output>
  </reporter-output>
  <suite started-at="2020-12-29T06:32:31 IST" name="Surefire suite" finished-at="2020-12-29T06:33:01 IST" duration-ms="30499">
    <groups>
      <group name="cucumber">
        <method signature="AbstractTestNGCucumberTests.runScenario(io.cucumber.testng.PickleWrapper, io.cucumber.testng.FeatureWrapper)[pri:0, instance:parallelRun.parallelRunner2@4d339552]" name="runScenario" class="io.cucumber.testng.AbstractTestNGCucumberTests"/>
      </group> <!-- cucumber -->
    </groups>
    <test started-at="2020-12-29T06:32:31 IST" name="Surefire test" finished-at="2020-12-29T06:33:01 IST" duration-ms="30499">
      <class name="parallelRun.parallelRunner2">
        <test-method is-config="true" signature="setUpClass()[pri:0, instance:parallelRun.parallelRunner2@4d339552]" started-at="2020-12-29T06:32:31 IST" name="setUpClass" finished-at="2020-12-29T06:32:32 IST" duration-ms="1412" status="PASS">
          <reporter-output>
          </reporter-output>
        </test-method> <!-- setUpClass -->
        <test-method signature="runScenario(io.cucumber.testng.PickleWrapper, io.cucumber.testng.FeatureWrapper)[pri:0, instance:parallelRun.parallelRunner2@4d339552]" started-at="2020-12-29T06:32:32 IST" name="runScenario" description="Runs Cucumber Scenarios" data-provider="scenarios" finished-at="2020-12-29T06:32:57 IST" duration-ms="25217" status="PASS">
          <params>
            <param index="0">
              <value>
                <![CDATA["Accounts page title"]]>
              </value>
            </param>
            <param index="1">
              <value>
                <![CDATA["Optional[Account Page Feature]"]]>
              </value>
            </param>
          </params>
          <reporter-output>
          </reporter-output>
        </test-method> <!-- runScenario -->
        <test-method signature="runScenario(io.cucumber.testng.PickleWrapper, io.cucumber.testng.FeatureWrapper)[pri:0, instance:parallelRun.parallelRunner2@4d339552]" started-at="2020-12-29T06:32:32 IST" name="runScenario" description="Runs Cucumber Scenarios" data-provider="scenarios" finished-at="2020-12-29T06:32:57 IST" duration-ms="24403" status="PASS">
          <params>
            <param index="0">
              <value>
                <![CDATA["Accounts section count"]]>
              </value>
            </param>
            <param index="1">
              <value>
                <![CDATA["Optional[Account Page Feature]"]]>
              </value>
            </param>
          </params>
          <reporter-output>
          </reporter-output>
        </test-method> <!-- runScenario -->
        <test-method is-config="true" signature="tearDownClass()[pri:0, instance:parallelRun.parallelRunner2@4d339552]" started-at="2020-12-29T06:32:57 IST" name="tearDownClass" finished-at="2020-12-29T06:33:01 IST" duration-ms="3815" status="PASS">
          <reporter-output>
          </reporter-output>
        </test-method> <!-- tearDownClass -->
      </class> <!-- parallelRun.parallelRunner2 -->
    </test> <!-- Surefire test -->
  </suite> <!-- Surefire suite -->
</testng-results>
